{"/Users/radiumrocket27/projects/react-native-course/src/Components/Login/index.tsx": {"path":"/Users/radiumrocket27/projects/react-native-course/src/Components/Login/index.tsx","statementMap":{"0":{"start":{"line":17,"column":24},"end":{"line":17,"column":48}},"1":{"start":{"line":20,"column":22},"end":{"line":40,"column":3}},"2":{"start":{"line":21,"column":4},"end":{"line":39,"column":5}},"3":{"start":{"line":22,"column":20},"end":{"line":22,"column":55}},"4":{"start":{"line":23,"column":26},"end":{"line":23,"column":52}},"5":{"start":{"line":24,"column":6},"end":{"line":36,"column":7}},"6":{"start":{"line":28,"column":12},"end":{"line":29,"column":50}},"7":{"start":{"line":32,"column":8},"end":{"line":32,"column":40}},"8":{"start":{"line":33,"column":8},"end":{"line":33,"column":55}},"9":{"start":{"line":35,"column":8},"end":{"line":35,"column":43}},"10":{"start":{"line":38,"column":6},"end":{"line":38,"column":25}},"11":{"start":{"line":46,"column":6},"end":{"line":51,"column":4}},"12":{"start":{"line":52,"column":19},"end":{"line":54,"column":3}},"13":{"start":{"line":53,"column":4},"end":{"line":53,"column":22}},"14":{"start":{"line":55,"column":2},"end":{"line":109,"column":4}},"15":{"start":{"line":66,"column":10},"end":{"line":75,"column":17}},"16":{"start":{"line":86,"column":10},"end":{"line":95,"column":17}},"17":{"start":{"line":112,"column":15},"end":{"line":152,"column":2}}},"fnMap":{"0":{"name":"Login","decl":{"start":{"line":19,"column":24},"end":{"line":19,"column":29}},"loc":{"start":{"line":19,"column":46},"end":{"line":110,"column":1}},"line":19},"1":{"name":"(anonymous_1)","decl":{"start":{"line":20,"column":22},"end":{"line":20,"column":23}},"loc":{"start":{"line":20,"column":58},"end":{"line":40,"column":3}},"line":20},"2":{"name":"(anonymous_2)","decl":{"start":{"line":27,"column":10},"end":{"line":27,"column":11}},"loc":{"start":{"line":28,"column":12},"end":{"line":29,"column":50}},"line":28},"3":{"name":"(anonymous_3)","decl":{"start":{"line":52,"column":19},"end":{"line":52,"column":20}},"loc":{"start":{"line":52,"column":42},"end":{"line":54,"column":3}},"line":52},"4":{"name":"(anonymous_4)","decl":{"start":{"line":65,"column":16},"end":{"line":65,"column":17}},"loc":{"start":{"line":66,"column":10},"end":{"line":75,"column":17}},"line":66},"5":{"name":"(anonymous_5)","decl":{"start":{"line":85,"column":16},"end":{"line":85,"column":17}},"loc":{"start":{"line":86,"column":10},"end":{"line":95,"column":17}},"line":86}},"branchMap":{"0":{"loc":{"start":{"line":23,"column":26},"end":{"line":23,"column":52}},"type":"binary-expr","locations":[{"start":{"line":23,"column":26},"end":{"line":23,"column":31}},{"start":{"line":23,"column":35},"end":{"line":23,"column":52}}],"line":23},"1":{"loc":{"start":{"line":24,"column":6},"end":{"line":36,"column":7}},"type":"if","locations":[{"start":{"line":24,"column":6},"end":{"line":36,"column":7}},{"start":{"line":34,"column":13},"end":{"line":36,"column":7}}],"line":24},"2":{"loc":{"start":{"line":25,"column":8},"end":{"line":30,"column":16}},"type":"binary-expr","locations":[{"start":{"line":25,"column":8},"end":{"line":25,"column":34}},{"start":{"line":26,"column":8},"end":{"line":30,"column":16}}],"line":25},"3":{"loc":{"start":{"line":28,"column":12},"end":{"line":29,"column":50}},"type":"binary-expr","locations":[{"start":{"line":28,"column":12},"end":{"line":28,"column":42}},{"start":{"line":29,"column":12},"end":{"line":29,"column":50}}],"line":28},"4":{"loc":{"start":{"line":79,"column":7},"end":{"line":79,"column":52}},"type":"binary-expr","locations":[{"start":{"line":79,"column":7},"end":{"line":79,"column":18}},{"start":{"line":79,"column":22},"end":{"line":79,"column":52}}],"line":79},"5":{"loc":{"start":{"line":99,"column":7},"end":{"line":99,"column":60}},"type":"binary-expr","locations":[{"start":{"line":99,"column":7},"end":{"line":99,"column":22}},{"start":{"line":99,"column":26},"end":{"line":99,"column":60}}],"line":99}},"s":{"0":1,"1":18,"2":3,"3":3,"4":3,"5":2,"6":2,"7":1,"8":1,"9":1,"10":1,"11":18,"12":18,"13":3,"14":18,"15":31,"16":31,"17":1},"f":{"0":18,"1":3,"2":2,"3":3,"4":31,"5":31},"b":{"0":[3,3],"1":[1,1],"2":[2,2],"3":[2,1],"4":[18,2],"5":[18,2]},"_coverageSchema":"1a1c01bbd47fc00a2c39e90264f33305004495a9","hash":"1140c79ce63501ceaf56e0467490afef18235b4b"}
,"/Users/radiumrocket27/projects/react-native-course/src/Components/Register/index.tsx": {"path":"/Users/radiumrocket27/projects/react-native-course/src/Components/Register/index.tsx","statementMap":{"0":{"start":{"line":17,"column":24},"end":{"line":17,"column":48}},"1":{"start":{"line":20,"column":25},"end":{"line":36,"column":3}},"2":{"start":{"line":21,"column":4},"end":{"line":35,"column":5}},"3":{"start":{"line":22,"column":20},"end":{"line":22,"column":55}},"4":{"start":{"line":23,"column":26},"end":{"line":23,"column":52}},"5":{"start":{"line":24,"column":6},"end":{"line":31,"column":7}},"6":{"start":{"line":26,"column":51},"end":{"line":26,"column":77}},"7":{"start":{"line":29,"column":8},"end":{"line":29,"column":34}},"8":{"start":{"line":30,"column":8},"end":{"line":30,"column":74}},"9":{"start":{"line":32,"column":6},"end":{"line":32,"column":63}},"10":{"start":{"line":34,"column":6},"end":{"line":34,"column":25}},"11":{"start":{"line":42,"column":6},"end":{"line":47,"column":4}},"12":{"start":{"line":49,"column":19},"end":{"line":52,"column":3}},"13":{"start":{"line":50,"column":4},"end":{"line":50,"column":25}},"14":{"start":{"line":51,"column":4},"end":{"line":51,"column":33}},"15":{"start":{"line":54,"column":2},"end":{"line":103,"column":4}},"16":{"start":{"line":65,"column":10},"end":{"line":73,"column":17}},"17":{"start":{"line":84,"column":10},"end":{"line":92,"column":17}},"18":{"start":{"line":106,"column":15},"end":{"line":146,"column":2}}},"fnMap":{"0":{"name":"Register","decl":{"start":{"line":19,"column":24},"end":{"line":19,"column":32}},"loc":{"start":{"line":19,"column":54},"end":{"line":104,"column":1}},"line":19},"1":{"name":"(anonymous_1)","decl":{"start":{"line":20,"column":25},"end":{"line":20,"column":26}},"loc":{"start":{"line":20,"column":57},"end":{"line":36,"column":3}},"line":20},"2":{"name":"(anonymous_2)","decl":{"start":{"line":26,"column":28},"end":{"line":26,"column":29}},"loc":{"start":{"line":26,"column":51},"end":{"line":26,"column":77}},"line":26},"3":{"name":"(anonymous_3)","decl":{"start":{"line":49,"column":19},"end":{"line":49,"column":20}},"loc":{"start":{"line":49,"column":42},"end":{"line":52,"column":3}},"line":49},"4":{"name":"(anonymous_4)","decl":{"start":{"line":64,"column":16},"end":{"line":64,"column":17}},"loc":{"start":{"line":65,"column":10},"end":{"line":73,"column":17}},"line":65},"5":{"name":"(anonymous_5)","decl":{"start":{"line":83,"column":16},"end":{"line":83,"column":17}},"loc":{"start":{"line":84,"column":10},"end":{"line":92,"column":17}},"line":84}},"branchMap":{"0":{"loc":{"start":{"line":23,"column":26},"end":{"line":23,"column":52}},"type":"binary-expr","locations":[{"start":{"line":23,"column":26},"end":{"line":23,"column":31}},{"start":{"line":23,"column":35},"end":{"line":23,"column":52}}],"line":23},"1":{"loc":{"start":{"line":24,"column":6},"end":{"line":31,"column":7}},"type":"if","locations":[{"start":{"line":24,"column":6},"end":{"line":31,"column":7}},{"start":{},"end":{}}],"line":24},"2":{"loc":{"start":{"line":25,"column":8},"end":{"line":27,"column":17}},"type":"binary-expr","locations":[{"start":{"line":25,"column":8},"end":{"line":25,"column":34}},{"start":{"line":26,"column":8},"end":{"line":27,"column":17}}],"line":25},"3":{"loc":{"start":{"line":77,"column":7},"end":{"line":77,"column":52}},"type":"binary-expr","locations":[{"start":{"line":77,"column":7},"end":{"line":77,"column":18}},{"start":{"line":77,"column":22},"end":{"line":77,"column":52}}],"line":77},"4":{"loc":{"start":{"line":96,"column":7},"end":{"line":96,"column":56}},"type":"binary-expr","locations":[{"start":{"line":96,"column":7},"end":{"line":96,"column":22}},{"start":{"line":96,"column":26},"end":{"line":96,"column":56}}],"line":96}},"s":{"0":1,"1":0,"2":0,"3":0,"4":0,"5":0,"6":0,"7":0,"8":0,"9":0,"10":0,"11":0,"12":0,"13":0,"14":0,"15":0,"16":0,"17":0,"18":1},"f":{"0":0,"1":0,"2":0,"3":0,"4":0,"5":0},"b":{"0":[0,0],"1":[0,0],"2":[0,0],"3":[0,0],"4":[0,0]},"_coverageSchema":"1a1c01bbd47fc00a2c39e90264f33305004495a9","hash":"f06b3529037c45a10cb3b944bac4d45f7ccacce6"}
}
