{"/Users/radiumrocket27/projects/react-native-course/src/Components/Login/index.tsx": {"path":"/Users/radiumrocket27/projects/react-native-course/src/Components/Login/index.tsx","statementMap":{"0":{"start":{"line":18,"column":24},"end":{"line":18,"column":48}},"1":{"start":{"line":21,"column":22},"end":{"line":41,"column":3}},"2":{"start":{"line":22,"column":4},"end":{"line":40,"column":5}},"3":{"start":{"line":23,"column":20},"end":{"line":23,"column":55}},"4":{"start":{"line":24,"column":26},"end":{"line":24,"column":52}},"5":{"start":{"line":25,"column":6},"end":{"line":37,"column":7}},"6":{"start":{"line":29,"column":12},"end":{"line":30,"column":50}},"7":{"start":{"line":33,"column":8},"end":{"line":33,"column":40}},"8":{"start":{"line":34,"column":8},"end":{"line":34,"column":55}},"9":{"start":{"line":36,"column":8},"end":{"line":36,"column":42}},"10":{"start":{"line":39,"column":6},"end":{"line":39,"column":25}},"11":{"start":{"line":47,"column":6},"end":{"line":52,"column":4}},"12":{"start":{"line":53,"column":19},"end":{"line":55,"column":3}},"13":{"start":{"line":54,"column":4},"end":{"line":54,"column":22}},"14":{"start":{"line":56,"column":2},"end":{"line":111,"column":4}},"15":{"start":{"line":67,"column":10},"end":{"line":77,"column":17}},"16":{"start":{"line":88,"column":10},"end":{"line":98,"column":17}},"17":{"start":{"line":114,"column":15},"end":{"line":154,"column":2}}},"fnMap":{"0":{"name":"Login","decl":{"start":{"line":20,"column":24},"end":{"line":20,"column":29}},"loc":{"start":{"line":20,"column":46},"end":{"line":112,"column":1}},"line":20},"1":{"name":"(anonymous_1)","decl":{"start":{"line":21,"column":22},"end":{"line":21,"column":23}},"loc":{"start":{"line":21,"column":58},"end":{"line":41,"column":3}},"line":21},"2":{"name":"(anonymous_2)","decl":{"start":{"line":28,"column":10},"end":{"line":28,"column":11}},"loc":{"start":{"line":29,"column":12},"end":{"line":30,"column":50}},"line":29},"3":{"name":"(anonymous_3)","decl":{"start":{"line":53,"column":19},"end":{"line":53,"column":20}},"loc":{"start":{"line":53,"column":42},"end":{"line":55,"column":3}},"line":53},"4":{"name":"(anonymous_4)","decl":{"start":{"line":66,"column":16},"end":{"line":66,"column":17}},"loc":{"start":{"line":67,"column":10},"end":{"line":77,"column":17}},"line":67},"5":{"name":"(anonymous_5)","decl":{"start":{"line":87,"column":16},"end":{"line":87,"column":17}},"loc":{"start":{"line":88,"column":10},"end":{"line":98,"column":17}},"line":88}},"branchMap":{"0":{"loc":{"start":{"line":24,"column":26},"end":{"line":24,"column":52}},"type":"binary-expr","locations":[{"start":{"line":24,"column":26},"end":{"line":24,"column":31}},{"start":{"line":24,"column":35},"end":{"line":24,"column":52}}],"line":24},"1":{"loc":{"start":{"line":25,"column":6},"end":{"line":37,"column":7}},"type":"if","locations":[{"start":{"line":25,"column":6},"end":{"line":37,"column":7}},{"start":{"line":35,"column":13},"end":{"line":37,"column":7}}],"line":25},"2":{"loc":{"start":{"line":26,"column":8},"end":{"line":31,"column":16}},"type":"binary-expr","locations":[{"start":{"line":26,"column":8},"end":{"line":26,"column":34}},{"start":{"line":27,"column":8},"end":{"line":31,"column":16}}],"line":26},"3":{"loc":{"start":{"line":29,"column":12},"end":{"line":30,"column":50}},"type":"binary-expr","locations":[{"start":{"line":29,"column":12},"end":{"line":29,"column":42}},{"start":{"line":30,"column":12},"end":{"line":30,"column":50}}],"line":29},"4":{"loc":{"start":{"line":81,"column":7},"end":{"line":81,"column":52}},"type":"binary-expr","locations":[{"start":{"line":81,"column":7},"end":{"line":81,"column":18}},{"start":{"line":81,"column":22},"end":{"line":81,"column":52}}],"line":81},"5":{"loc":{"start":{"line":102,"column":7},"end":{"line":102,"column":60}},"type":"binary-expr","locations":[{"start":{"line":102,"column":7},"end":{"line":102,"column":22}},{"start":{"line":102,"column":26},"end":{"line":102,"column":60}}],"line":102}},"s":{"0":1,"1":18,"2":3,"3":3,"4":3,"5":2,"6":2,"7":1,"8":1,"9":1,"10":2,"11":18,"12":18,"13":3,"14":18,"15":31,"16":31,"17":1},"f":{"0":18,"1":3,"2":2,"3":3,"4":31,"5":31},"b":{"0":[3,3],"1":[1,1],"2":[2,2],"3":[2,1],"4":[18,2],"5":[18,2]},"_coverageSchema":"1a1c01bbd47fc00a2c39e90264f33305004495a9","hash":"e77f9f0e878891c060d4f595cd9600306e932750"}
,"/Users/radiumrocket27/projects/react-native-course/src/Components/Register/index.tsx": {"path":"/Users/radiumrocket27/projects/react-native-course/src/Components/Register/index.tsx","statementMap":{"0":{"start":{"line":17,"column":24},"end":{"line":17,"column":48}},"1":{"start":{"line":20,"column":25},"end":{"line":36,"column":3}},"2":{"start":{"line":21,"column":4},"end":{"line":35,"column":5}},"3":{"start":{"line":22,"column":20},"end":{"line":22,"column":55}},"4":{"start":{"line":23,"column":26},"end":{"line":23,"column":52}},"5":{"start":{"line":24,"column":6},"end":{"line":31,"column":7}},"6":{"start":{"line":26,"column":51},"end":{"line":26,"column":77}},"7":{"start":{"line":29,"column":8},"end":{"line":29,"column":34}},"8":{"start":{"line":30,"column":8},"end":{"line":30,"column":74}},"9":{"start":{"line":32,"column":6},"end":{"line":32,"column":63}},"10":{"start":{"line":34,"column":6},"end":{"line":34,"column":25}},"11":{"start":{"line":42,"column":6},"end":{"line":47,"column":4}},"12":{"start":{"line":49,"column":19},"end":{"line":52,"column":3}},"13":{"start":{"line":50,"column":4},"end":{"line":50,"column":25}},"14":{"start":{"line":51,"column":4},"end":{"line":51,"column":33}},"15":{"start":{"line":54,"column":2},"end":{"line":104,"column":4}},"16":{"start":{"line":65,"column":10},"end":{"line":74,"column":17}},"17":{"start":{"line":85,"column":10},"end":{"line":94,"column":17}},"18":{"start":{"line":107,"column":15},"end":{"line":147,"column":2}}},"fnMap":{"0":{"name":"Register","decl":{"start":{"line":19,"column":24},"end":{"line":19,"column":32}},"loc":{"start":{"line":19,"column":54},"end":{"line":105,"column":1}},"line":19},"1":{"name":"(anonymous_1)","decl":{"start":{"line":20,"column":25},"end":{"line":20,"column":26}},"loc":{"start":{"line":20,"column":57},"end":{"line":36,"column":3}},"line":20},"2":{"name":"(anonymous_2)","decl":{"start":{"line":26,"column":28},"end":{"line":26,"column":29}},"loc":{"start":{"line":26,"column":51},"end":{"line":26,"column":77}},"line":26},"3":{"name":"(anonymous_3)","decl":{"start":{"line":49,"column":19},"end":{"line":49,"column":20}},"loc":{"start":{"line":49,"column":42},"end":{"line":52,"column":3}},"line":49},"4":{"name":"(anonymous_4)","decl":{"start":{"line":64,"column":16},"end":{"line":64,"column":17}},"loc":{"start":{"line":65,"column":10},"end":{"line":74,"column":17}},"line":65},"5":{"name":"(anonymous_5)","decl":{"start":{"line":84,"column":16},"end":{"line":84,"column":17}},"loc":{"start":{"line":85,"column":10},"end":{"line":94,"column":17}},"line":85}},"branchMap":{"0":{"loc":{"start":{"line":23,"column":26},"end":{"line":23,"column":52}},"type":"binary-expr","locations":[{"start":{"line":23,"column":26},"end":{"line":23,"column":31}},{"start":{"line":23,"column":35},"end":{"line":23,"column":52}}],"line":23},"1":{"loc":{"start":{"line":24,"column":6},"end":{"line":31,"column":7}},"type":"if","locations":[{"start":{"line":24,"column":6},"end":{"line":31,"column":7}},{"start":{},"end":{}}],"line":24},"2":{"loc":{"start":{"line":25,"column":8},"end":{"line":27,"column":17}},"type":"binary-expr","locations":[{"start":{"line":25,"column":8},"end":{"line":25,"column":34}},{"start":{"line":26,"column":8},"end":{"line":27,"column":17}}],"line":25},"3":{"loc":{"start":{"line":78,"column":7},"end":{"line":78,"column":52}},"type":"binary-expr","locations":[{"start":{"line":78,"column":7},"end":{"line":78,"column":18}},{"start":{"line":78,"column":22},"end":{"line":78,"column":52}}],"line":78},"4":{"loc":{"start":{"line":98,"column":7},"end":{"line":98,"column":56}},"type":"binary-expr","locations":[{"start":{"line":98,"column":7},"end":{"line":98,"column":22}},{"start":{"line":98,"column":26},"end":{"line":98,"column":56}}],"line":98}},"s":{"0":1,"1":0,"2":0,"3":0,"4":0,"5":0,"6":0,"7":0,"8":0,"9":0,"10":0,"11":0,"12":0,"13":0,"14":0,"15":0,"16":0,"17":0,"18":1},"f":{"0":0,"1":0,"2":0,"3":0,"4":0,"5":0},"b":{"0":[0,0],"1":[0,0],"2":[0,0],"3":[0,0],"4":[0,0]},"_coverageSchema":"1a1c01bbd47fc00a2c39e90264f33305004495a9","hash":"3a4d0e7ce62f1d1a7ac410feb6d06537b38ae1e4"}
}
