TN:
SF:src/Components/Login/index.tsx
FN:20,Login
FN:21,(anonymous_1)
FN:28,(anonymous_2)
FN:53,(anonymous_3)
FN:66,(anonymous_4)
FN:87,(anonymous_5)
FNF:6
FNH:6
FNDA:18,Login
FNDA:3,(anonymous_1)
FNDA:2,(anonymous_2)
FNDA:3,(anonymous_3)
FNDA:31,(anonymous_4)
FNDA:31,(anonymous_5)
DA:18,1
DA:21,18
DA:22,3
DA:23,3
DA:24,3
DA:25,2
DA:29,2
DA:33,1
DA:34,1
DA:36,1
DA:39,2
DA:47,18
DA:53,18
DA:54,3
DA:56,18
DA:67,31
DA:88,31
DA:114,1
LF:18
LH:18
BRDA:24,0,0,3
BRDA:24,0,1,3
BRDA:25,1,0,1
BRDA:25,1,1,1
BRDA:26,2,0,2
BRDA:26,2,1,2
BRDA:29,3,0,2
BRDA:29,3,1,1
BRDA:81,4,0,18
BRDA:81,4,1,2
BRDA:102,5,0,18
BRDA:102,5,1,2
BRF:12
BRH:12
end_of_record
TN:
SF:src/Components/Register/index.tsx
FN:19,Register
FN:20,(anonymous_1)
FN:26,(anonymous_2)
FN:49,(anonymous_3)
FN:64,(anonymous_4)
FN:84,(anonymous_5)
FNF:6
FNH:0
FNDA:0,Register
FNDA:0,(anonymous_1)
FNDA:0,(anonymous_2)
FNDA:0,(anonymous_3)
FNDA:0,(anonymous_4)
FNDA:0,(anonymous_5)
DA:17,1
DA:20,0
DA:21,0
DA:22,0
DA:23,0
DA:24,0
DA:26,0
DA:29,0
DA:30,0
DA:32,0
DA:34,0
DA:42,0
DA:49,0
DA:50,0
DA:51,0
DA:54,0
DA:65,0
DA:85,0
DA:107,1
LF:19
LH:2
BRDA:23,0,0,0
BRDA:23,0,1,0
BRDA:24,1,0,0
BRDA:24,1,1,0
BRDA:25,2,0,0
BRDA:25,2,1,0
BRDA:78,3,0,0
BRDA:78,3,1,0
BRDA:98,4,0,0
BRDA:98,4,1,0
BRF:10
BRH:0
end_of_record
